Determining if the function ped_file_system_clobber exists failed with the following output:
Change Dir: /home/ben/stormos-calamares/src/calamares-3.2.52/build/CMakeFiles/CMakeTmp

Run Build Command(s):/bin/make -f Makefile cmTC_85ab1/fast && /bin/make  -f CMakeFiles/cmTC_85ab1.dir/build.make CMakeFiles/cmTC_85ab1.dir/build
make[1]: Entering directory '/home/ben/stormos-calamares/src/calamares-3.2.52/build/CMakeFiles/CMakeTmp'
Building C object CMakeFiles/cmTC_85ab1.dir/CheckFunctionExists.c.o
/bin/cc  -I/usr/include/parted -march=x86-64 -mtune=generic -O2 -pipe -fno-plt -fexceptions         -Wp,-D_FORTIFY_SOURCE=2 -Wformat -Werror=format-security         -fstack-clash-protection -fcf-protection -DCHECK_FUNCTION_EXISTS=ped_file_system_clobber -o CMakeFiles/cmTC_85ab1.dir/CheckFunctionExists.c.o -c /usr/share/cmake/Modules/CheckFunctionExists.c
Linking C executable cmTC_85ab1
/usr/bin/cmake -E cmake_link_script CMakeFiles/cmTC_85ab1.dir/link.txt --verbose=1
/bin/cc -march=x86-64 -mtune=generic -O2 -pipe -fno-plt -fexceptions         -Wp,-D_FORTIFY_SOURCE=2 -Wformat -Werror=format-security         -fstack-clash-protection -fcf-protection -DCHECK_FUNCTION_EXISTS=ped_file_system_clobber -Wl,-O1,--sort-common,--as-needed,-z,relro,-z,now  -rdynamic CMakeFiles/cmTC_85ab1.dir/CheckFunctionExists.c.o -o cmTC_85ab1  /usr/lib/libparted.so /usr/lib/libparted-fs-resize.so 
/bin/ld: CMakeFiles/cmTC_85ab1.dir/CheckFunctionExists.c.o: in function `main':
CheckFunctionExists.c:(.text.startup+0x11): undefined reference to `ped_file_system_clobber'
collect2: error: ld returned 1 exit status
make[1]: *** [CMakeFiles/cmTC_85ab1.dir/build.make:101: cmTC_85ab1] Error 1
make[1]: Leaving directory '/home/ben/stormos-calamares/src/calamares-3.2.52/build/CMakeFiles/CMakeTmp'
make: *** [Makefile:127: cmTC_85ab1/fast] Error 2



Determining if the function ped_file_system_resize exists failed with the following output:
Change Dir: /home/ben/stormos-calamares/src/calamares-3.2.52/build/CMakeFiles/CMakeTmp

Run Build Command(s):/bin/make -f Makefile cmTC_696e7/fast && /bin/make  -f CMakeFiles/cmTC_696e7.dir/build.make CMakeFiles/cmTC_696e7.dir/build
make[1]: Entering directory '/home/ben/stormos-calamares/src/calamares-3.2.52/build/CMakeFiles/CMakeTmp'
Building C object CMakeFiles/cmTC_696e7.dir/CheckFunctionExists.c.o
/bin/cc  -I/usr/include/parted -march=x86-64 -mtune=generic -O2 -pipe -fno-plt -fexceptions         -Wp,-D_FORTIFY_SOURCE=2 -Wformat -Werror=format-security         -fstack-clash-protection -fcf-protection -DCHECK_FUNCTION_EXISTS=ped_file_system_resize -o CMakeFiles/cmTC_696e7.dir/CheckFunctionExists.c.o -c /usr/share/cmake/Modules/CheckFunctionExists.c
Linking C executable cmTC_696e7
/usr/bin/cmake -E cmake_link_script CMakeFiles/cmTC_696e7.dir/link.txt --verbose=1
/bin/cc -march=x86-64 -mtune=generic -O2 -pipe -fno-plt -fexceptions         -Wp,-D_FORTIFY_SOURCE=2 -Wformat -Werror=format-security         -fstack-clash-protection -fcf-protection -DCHECK_FUNCTION_EXISTS=ped_file_system_resize -Wl,-O1,--sort-common,--as-needed,-z,relro,-z,now  -rdynamic CMakeFiles/cmTC_696e7.dir/CheckFunctionExists.c.o -o cmTC_696e7  /usr/lib/libparted.so /usr/lib/libparted-fs-resize.so 
/bin/ld: /usr/lib/libparted-fs-resize.so: undefined reference to `ped_geometry_sync_fast'
/bin/ld: /usr/lib/libparted-fs-resize.so: undefined reference to `ped_timer_destroy_nested'
/bin/ld: /usr/lib/libparted-fs-resize.so: undefined reference to `ped_exception_throw'
/bin/ld: /usr/lib/libparted-fs-resize.so: undefined reference to `ped_geometry_new'
/bin/ld: /usr/lib/libparted-fs-resize.so: undefined reference to `ped_assert'
/bin/ld: /usr/lib/libparted-fs-resize.so: undefined reference to `ped_geometry_init'
/bin/ld: /usr/lib/libparted-fs-resize.so: undefined reference to `ped_timer_set_state_name'
/bin/ld: /usr/lib/libparted-fs-resize.so: undefined reference to `ped_geometry_read'
/bin/ld: /usr/lib/libparted-fs-resize.so: undefined reference to `ped_file_system_probe_specific'
/bin/ld: /usr/lib/libparted-fs-resize.so: undefined reference to `ped_geometry_test_sector_inside'
/bin/ld: /usr/lib/libparted-fs-resize.so: undefined reference to `ped_geometry_read_alloc'
/bin/ld: /usr/lib/libparted-fs-resize.so: undefined reference to `ped_exception_leave_all'
/bin/ld: /usr/lib/libparted-fs-resize.so: undefined reference to `ped_timer_update'
/bin/ld: /usr/lib/libparted-fs-resize.so: undefined reference to `ped_device_open'
/bin/ld: /usr/lib/libparted-fs-resize.so: undefined reference to `uuid_generate'
/bin/ld: /usr/lib/libparted-fs-resize.so: undefined reference to `ped_constraint_new'
/bin/ld: /usr/lib/libparted-fs-resize.so: undefined reference to `ped_malloc'
/bin/ld: /usr/lib/libparted-fs-resize.so: undefined reference to `ped_geometry_set'
/bin/ld: /usr/lib/libparted-fs-resize.so: undefined reference to `ped_geometry_destroy'
/bin/ld: /usr/lib/libparted-fs-resize.so: undefined reference to `ped_geometry_duplicate'
/bin/ld: /usr/lib/libparted-fs-resize.so: undefined reference to `ped_geometry_write'
/bin/ld: /usr/lib/libparted-fs-resize.so: undefined reference to `ped_unit_format'
/bin/ld: /usr/lib/libparted-fs-resize.so: undefined reference to `ped_geometry_sync'
/bin/ld: /usr/lib/libparted-fs-resize.so: undefined reference to `ped_file_system_probe'
/bin/ld: /usr/lib/libparted-fs-resize.so: undefined reference to `ptt_geom_clear_sectors'
/bin/ld: /usr/lib/libparted-fs-resize.so: undefined reference to `ped_alignment_any'
/bin/ld: /usr/lib/libparted-fs-resize.so: undefined reference to `ped_device_close'
/bin/ld: /usr/lib/libparted-fs-resize.so: undefined reference to `ped_geometry_map'
/bin/ld: /usr/lib/libparted-fs-resize.so: undefined reference to `ped_exception_fetch_all'
/bin/ld: /usr/lib/libparted-fs-resize.so: undefined reference to `ped_geometry_test_equal'
/bin/ld: /usr/lib/libparted-fs-resize.so: undefined reference to `ped_geometry_test_overlap'
/bin/ld: /usr/lib/libparted-fs-resize.so: undefined reference to `ped_geometry_set_end'
/bin/ld: /usr/lib/libparted-fs-resize.so: undefined reference to `ped_alignment_init'
/bin/ld: /usr/lib/libparted-fs-resize.so: undefined reference to `ped_exception_catch'
/bin/ld: /usr/lib/libparted-fs-resize.so: undefined reference to `ped_timer_reset'
/bin/ld: /usr/lib/libparted-fs-resize.so: undefined reference to `fat16_type'
/bin/ld: /usr/lib/libparted-fs-resize.so: undefined reference to `fat32_type'
/bin/ld: /usr/lib/libparted-fs-resize.so: undefined reference to `ped_geometry_test_inside'
/bin/ld: /usr/lib/libparted-fs-resize.so: undefined reference to `ped_timer_new_nested'
collect2: error: ld returned 1 exit status
make[1]: *** [CMakeFiles/cmTC_696e7.dir/build.make:101: cmTC_696e7] Error 1
make[1]: Leaving directory '/home/ben/stormos-calamares/src/calamares-3.2.52/build/CMakeFiles/CMakeTmp'
make: *** [Makefile:127: cmTC_696e7/fast] Error 2



